0 info it worked if it ends with ok
1 verbose cli [ '/usr/bin/node', '/usr/bin/npm', 'publish' ]
2 info using npm@1.4.28
3 info using node@v0.10.40
4 verbose node symlink /usr/bin/node
5 verbose publish [ '.' ]
6 verbose cache add [ '.', null ]
7 verbose cache add name=undefined spec="." args=[".",null]
8 verbose parsed url { protocol: null,
8 verbose parsed url   slashes: null,
8 verbose parsed url   auth: null,
8 verbose parsed url   host: null,
8 verbose parsed url   port: null,
8 verbose parsed url   hostname: null,
8 verbose parsed url   hash: null,
8 verbose parsed url   search: null,
8 verbose parsed url   query: null,
8 verbose parsed url   pathname: '.',
8 verbose parsed url   path: '.',
8 verbose parsed url   href: '.' }
9 silly lockFile 3a52ce78- .
10 verbose lock . /home/sebu012/.npm/3a52ce78-.lock
11 verbose tar pack [ '/home/sebu012/.npm/angular-string-helper/1.0.0/package.tgz',
11 verbose tar pack   '.' ]
12 verbose tarball /home/sebu012/.npm/angular-string-helper/1.0.0/package.tgz
13 verbose folder .
14 info prepublish angular-string-helper@1.0.0
15 silly lockFile 1f1177db-tar tar://.
16 verbose lock tar://. /home/sebu012/.npm/1f1177db-tar.lock
17 silly lockFile b73f61e8--string-helper-1-0-0-package-tgz tar:///home/sebu012/.npm/angular-string-helper/1.0.0/package.tgz
18 verbose lock tar:///home/sebu012/.npm/angular-string-helper/1.0.0/package.tgz /home/sebu012/.npm/b73f61e8--string-helper-1-0-0-package-tgz.lock
19 silly lockFile 1f1177db-tar tar://.
20 silly lockFile 1f1177db-tar tar://.
21 silly lockFile b73f61e8--string-helper-1-0-0-package-tgz tar:///home/sebu012/.npm/angular-string-helper/1.0.0/package.tgz
22 silly lockFile b73f61e8--string-helper-1-0-0-package-tgz tar:///home/sebu012/.npm/angular-string-helper/1.0.0/package.tgz
23 silly lockFile 46b976b0-ular-string-helper-1-0-0-package /home/sebu012/.npm/angular-string-helper/1.0.0/package
24 verbose lock /home/sebu012/.npm/angular-string-helper/1.0.0/package /home/sebu012/.npm/46b976b0-ular-string-helper-1-0-0-package.lock
25 silly lockFile 46b976b0-ular-string-helper-1-0-0-package /home/sebu012/.npm/angular-string-helper/1.0.0/package
26 silly lockFile 46b976b0-ular-string-helper-1-0-0-package /home/sebu012/.npm/angular-string-helper/1.0.0/package
27 silly lockFile 3a52ce78- .
28 silly lockFile 3a52ce78- .
29 silly publish { name: 'angular-string-helper',
29 silly publish   version: '1.0.0',
29 silly publish   description: 'Just a string helper that helps _11042015',
29 silly publish   main: 'dist/angular-string-helper.min.js',
29 silly publish   keywords: [ 'angular', 'string', 'filters', 'helper' ],
29 silly publish   authors: [ 'Rexon A. De los Reyes <rexondelosreyes88@gmail.com>' ],
29 silly publish   devDependencies:
29 silly publish    { gulp: '^3.9.0',
29 silly publish      'gulp-rename': '^1.2.2',
29 silly publish      'gulp-uglify': '^1.4.2' },
29 silly publish   readme: '## AngularJs String Helper\nJust a simple lightweight angularjs string helper that maybe helps and also provides filters with each functions.\n\n## Installation\n\nInstall via bower\n\n```sh\n$ bower install angular-string-helper --save\n```\n\nBe sure to include angular-string-helper.js or angular-string-helper.min.js in your HTML document after including your angular.js file.\n\n```html\n<script src="js/angular-string-helper.js"></script>\n```\n\nAdd rex-string-helper as a dependency in your AngularJS app.\n\n```javascript\nangular.module("youApp", ["rex-string-helper", "Other-Dependencies"]);\n```\n\n## Usage\nInject Str on your Controller, Service or other functions.\n\n```javascript\n(function () {\n    \'use strict\';\n    \n    angular\n        .module(\'appName\')\n        .controller(\'appController\', function ($scope, Str) {\n            //code here....\n    \n        });\n})();\n```\n#### Str.toSlug();\n```javascript\n        var sampleString = "This is a sample string";\n        var slug = Str.toSlug(sampleString);\n        console.log(slug); //Outputs: this-is-a-sample-string\n```\n#### Str.toCamelCase();\n```javascript\n        var sampleString = "This is a sample string";\n        var camelCase = Str.toCamelCase(sampleString);\n        console.log(camelCase); //Outputs: thisIsASampleString\n```\n#### Str.toSnakeCase();\n```javascript\n        var sampleString = "This is a sample string";\n        var snakeCase = Str.toSnakeCase(sampleString);\n        console.log(snakeCase); //Outputs: this_is_a_sample_string\n```\n#### Str.toUpperFirstChar();\n```javascript\n        var sampleString = "uppercase";\n        var str = Str.toUpperFirstChar(sampleString);\n        console.log(str); //Outputs: Uppercase\n```\n#### Str.toLowerFirstChar();\n```javascript\n        var sampleString = "Lowercase";\n        var str = Str.toLowerFirstChar(sampleString);\n        console.log(str); //Outputs: lowercase\n```\n#### Str.toCamelCaseFromDashed();\n```javascript\n        var sampleString = "this-is-a-sample-string";\n        var str = Str.toCamelCaseFromDashed(sampleString);\n        console.log(str); //Outputs: thisIsASampleString\n```\n#### Str.toDashFromCamelCase();\n```javascript\n        var sampleString = "thisIsASampleString";\n        var str = Str.toDashFromCamelCase(sampleString);\n        console.log(str); //Outputs: this-is-a-sample-string\n```\n#### Str.toSnakeCaseFromCamelCase();\n```javascript\n        var sampleString = "thisIsASampleString";\n        var str = Str.toSnakeCaseFromCamelCase(sampleString);\n        console.log(str); //Outputs: this_is_a_sample_string\n```\n#### Str.toOrdinal();\n```javascript\n        //accept number and string type number ex. 19 = number, \'19\' = string\n        var alphaNum = 42; or var alphaNum = \'42\';\n        var str = Str.toOrdinal(alphaNum);\n        console.log(str); //Outputs: 42nd\n```\n\n## Filter\nWe all know that AngularJs provides built-in filters, but I think these filters below are not included;\n#### toSlug\n```html\n<!--Controller: $scope.title = "This is a sample string"-->\n<p>Title:{{title | toSlug}}</p> <!-- Browser: this-is-a-sample-string -->\n```\n\n#### toCamelCase\n```html\n<!--Controller: $scope.title = "This is a sample string"-->\n<p>Title:{{title | toCamelCase}}</p> <!-- Browser: thisIsASampleString -->\n```\n\n#### toSnakeCase\n```html\n<!--Controller: $scope.title = "This is a sample string"-->\n<p>Title:{{title | toSnakeCase}}</p> <!-- Browser: this_is_a_sample_string -->\n```\n\n#### toUpperFirstChar\n```html\n<!--Controller: $scope.title = "uppercase"-->\n<p>Title:{{title | toUpperFirstChar}}</p> <!-- Browser: Uppercase -->\n```\n\n#### toLowerFirstChar\n```html\n<!--Controller: $scope.title = "Lowercase"-->\n<p>Title:{{title | toLowerFirstChar}}</p> <!-- lowercase -->\n```\n\n#### toCamelCaseFromDashed\n```html\n<!--Controller: $scope.title = "this-is-a-sample-string"-->\n<p>Title:{{title | toCamelCaseFromDashed}}</p> <!-- Browser: thisIsASampleString -->\n```\n\n#### toDashFromCamelCase\n```html\n<!--Controller: $scope.title = "thisIsASampleString"-->\n<p>Slug:{{title | toDashFromCamelCase}}</p> <!-- Browser: this-is-a-sample-string -->\n```\n\n#### toSnakeCaseFromCamelCase\n```html\n<!--Controller: $scope.title = "thisIsASampleStringg"-->\n<p>Title:{{title | toSnakeCaseFromCamelCase}}</p> <!-- Browser: this_is_a_sample_string -->\n```\n#### toOrdinal\n```html\n<!--Controller: $scope.ordinalVal = "42"-->\n<p>Title:{{ordinalVal | toOrdinal}}</p> <!-- Browser: 42nd -->\n```\n\n',
29 silly publish   readmeFilename: 'readme.md',
29 silly publish   gitHead: 'c7de7a680779fd63663bdf71f5ab9081f97b03b0',
29 silly publish   _id: 'angular-string-helper@1.0.0',
29 silly publish   scripts: {},
29 silly publish   _shasum: '9c31c48ee8de287f12428929ce05f71d42243416',
29 silly publish   _from: '.' }
30 error need auth auth and email required for publishing
30 error need auth You need to authorize this machine using `npm adduser`
31 error System Linux 3.13.0-63-generic
32 error command "/usr/bin/node" "/usr/bin/npm" "publish"
33 error cwd /var/www/practice/angular/helper/string-helper
34 error node -v v0.10.40
35 error npm -v 1.4.28
36 error code ENEEDAUTH
37 verbose exit [ 1, true ]
